[debug] [2023-12-25T11:21:11.271Z] ----------------------------------------------------------------------
[debug] [2023-12-25T11:21:11.277Z] Command:       C:\Program Files\nodejs\node.exe C:\Users\abdul\AppData\Roaming\npm\node_modules\firebase-tools\lib\bin\firebase.js init
[debug] [2023-12-25T11:21:11.277Z] CLI Version:   13.0.2
[debug] [2023-12-25T11:21:11.278Z] Platform:      win32
[debug] [2023-12-25T11:21:11.278Z] Node Version:  v20.10.0
[debug] [2023-12-25T11:21:11.278Z] Time:          Mon Dec 25 2023 03:21:11 GMT-0800 (Pacific Standard Time)
[debug] [2023-12-25T11:21:11.278Z] ----------------------------------------------------------------------
[debug] 
[debug] [2023-12-25T11:21:11.283Z] >>> [apiv2][query] GET https://firebase-public.firebaseio.com/cli.json [none]
[debug] [2023-12-25T11:21:11.410Z] > command requires scopes: ["email","openid","https://www.googleapis.com/auth/cloudplatformprojects.readonly","https://www.googleapis.com/auth/firebase","https://www.googleapis.com/auth/cloud-platform"]
[debug] [2023-12-25T11:21:11.411Z] > authorizing via signed-in user (abdulx125@gmail.com)
[info] 
     ######## #### ########  ######## ########     ###     ######  ########
     ##        ##  ##     ## ##       ##     ##  ##   ##  ##       ##
     ######    ##  ########  ######   ########  #########  ######  ######
     ##        ##  ##    ##  ##       ##     ## ##     ##       ## ##
     ##       #### ##     ## ######## ########  ##     ##  ######  ########

You're about to initialize a Firebase project in this directory:

  C:\Users\abdul\OneDrive\Desktop\My Code\authenticationForAdmin-User

[debug] [2023-12-25T11:21:12.027Z] <<< [apiv2][status] GET https://firebase-public.firebaseio.com/cli.json 200
[debug] [2023-12-25T11:21:12.028Z] <<< [apiv2][body] GET https://firebase-public.firebaseio.com/cli.json {"cloudBuildErrorAfter":1594252800000,"cloudBuildWarnAfter":1590019200000,"defaultNode10After":1594252800000,"minVersion":"3.0.5","node8DeploysDisabledAfter":1613390400000,"node8RuntimeDisabledAfter":1615809600000,"node8WarnAfter":1600128000000}
